<?xml version="1.0" encoding="UTF-8"?>
<!-- Generated by org.testng.reporters.JUnitReportReporter -->
<testsuite hostname="LAPTOP-8DLFJ8DL" failures="0" tests="2" name="testClasses.AddNewAddress" time="22.411" errors="0" timestamp="2022-04-07T14:04:17 IST" skipped="0">
  <testcase classname="testClasses.AddNewAddress" name="verifyUserCanLogin" time="9.153"/>
  <system-out/>
  <testcase classname="testClasses.AddNewAddress" name="userCanAddNewAddress" time="13.258"/>
  <system-out/>
</testsuite> <!-- testClasses.AddNewAddress -->
